INFO:root:Starting processCamera...
INFO:root:Camera thread initialized successfully.
INFO:stream:PeerConnection(0e713fc0-808e-4741-9e2b-e38ee94852d9) Created for Angular
WARNING:root:Shared Memory 'mainVideoFrames' was already removed.
WARNING:root:Shared Memory 'laneVideoFrames' was already removed.
INFO:root:Starting processCamera...
INFO:root:Camera thread initialized successfully.
INFO:stream:PeerConnection(840f0e77-9441-4482-b3b3-86e052460f78) Created for Angular
INFO:stream:PeerConnection(840f0e77-9441-4482-b3b3-86e052460f78) Connection state is new
INFO:aioice.ice:Connection(0) Discovered peer reflexive candidate Candidate(BnbSMZLVFU 1 udp 1845501695 192.168.66.188 61528 typ prflx)
INFO:aioice.ice:Connection(0) Check CandidatePair(('192.168.66.155', 47408) -> ('192.168.66.188', 61528)) State.WAITING -> State.IN_PROGRESS
INFO:aioice.ice:Connection(0) Check CandidatePair(('192.168.66.155', 47408) -> ('192.168.66.188', 61528)) State.IN_PROGRESS -> State.SUCCEEDED
INFO:aioice.ice:Connection(0) ICE completed
WARNING:root:Shared Memory 'mainVideoFrames' was already removed.
WARNING:root:Shared Memory 'laneVideoFrames' was already removed.
INFO:root:Starting processCamera...
WARNING:root:Shared Memory Block 'mainVideoFrames' does not exist.
INFO:root:Camera thread initialized successfully.
INFO:stream:PeerConnection(0838b362-f0bd-42c2-aecf-e922b042aba4) Created for Angular
INFO:stream:PeerConnection(0838b362-f0bd-42c2-aecf-e922b042aba4) Connection state is new
INFO:aioice.ice:Connection(0) Discovered peer reflexive candidate Candidate(i0AOWYAtPG 1 udp 1845501695 192.168.66.188 65175 typ prflx)
INFO:aioice.ice:Connection(0) Check CandidatePair(('192.168.66.155', 59782) -> ('192.168.66.188', 65175)) State.WAITING -> State.IN_PROGRESS
INFO:aioice.ice:Connection(0) Check CandidatePair(('192.168.66.155', 59782) -> ('192.168.66.188', 65175)) State.IN_PROGRESS -> State.SUCCEEDED
INFO:aioice.ice:Connection(0) ICE completed
WARNING:root:Shared Memory 'mainVideoFrames' was already removed.
WARNING:root:Shared Memory 'laneVideoFrames' was already removed.
INFO:root:Starting processCamera...
WARNING:root:Shared Memory Block 'mainVideoFrames' does not exist.
INFO:root:Camera thread initialized successfully.
INFO:stream:PeerConnection(2b1fac97-49bd-4340-9313-2f97dca2ce66) Created for Angular
WARNING:root:Failed to start the Angular development server: Command 'cd /home/jetson/Documents/Brain/src/dashboard/frontend/dist/dashboard/browser && http-server -p 8090 -a 0.0.0.0 -c-1' died with <Signals.SIGINT: 2>.
WARNING:root:Shared Memory 'mainVideoFrames' was already removed.
WARNING:root:Shared Memory 'laneVideoFrames' was already removed.
INFO:root:Starting processCamera...
WARNING:root:Shared Memory Block 'mainVideoFrames' does not exist.
INFO:root:Camera thread initialized successfully.
INFO:stream:PeerConnection(74fa895d-572f-424a-a872-dd16df88c428) Created for Angular
INFO:stream:PeerConnection(74fa895d-572f-424a-a872-dd16df88c428) Connection state is new
INFO:aioice.ice:Connection(0) Discovered peer reflexive candidate Candidate(wtMho4x4xp 1 udp 1845501695 192.168.66.188 51930 typ prflx)
INFO:aioice.ice:Connection(0) Check CandidatePair(('192.168.66.155', 37173) -> ('192.168.66.188', 51930)) State.WAITING -> State.IN_PROGRESS
INFO:aioice.ice:Connection(0) Check CandidatePair(('192.168.66.155', 37173) -> ('192.168.66.188', 51930)) State.IN_PROGRESS -> State.SUCCEEDED
INFO:aioice.ice:Connection(0) ICE completed
WARNING:root:Shared Memory 'mainVideoFrames' was already removed.
WARNING:root:Shared Memory 'laneVideoFrames' was already removed.
INFO:root:Starting processCamera...
WARNING:root:Shared Memory Block 'mainVideoFrames' does not exist.
INFO:root:Camera thread initialized successfully.
WARNING:root:Shared Memory 'mainVideoFrames' was already removed.
WARNING:root:Shared Memory 'laneVideoFrames' was already removed.
INFO:root:Starting processCamera...
WARNING:root:Shared Memory Block 'mainVideoFrames' does not exist.
INFO:root:Camera thread initialized successfully.
WARNING:root:Shared Memory 'mainVideoFrames' was already removed.
WARNING:root:Shared Memory 'laneVideoFrames' was already removed.
INFO:root:Starting processCamera...
WARNING:root:Shared Memory Block 'mainVideoFrames' does not exist.
INFO:root:Camera thread initialized successfully.
WARNING:root:Shared Memory 'mainVideoFrames' was already removed.
WARNING:root:Shared Memory 'laneVideoFrames' was already removed.
INFO:root:Starting processCamera...
WARNING:root:Shared Memory Block 'mainVideoFrames' does not exist.
INFO:root:Camera thread initialized successfully.
INFO:stream:PeerConnection(86d8be29-4d9d-4df2-a7ca-87da526d4d9b) Created for Angular
WARNING:root:Shared Memory 'mainVideoFrames' was already removed.
WARNING:root:Shared Memory 'laneVideoFrames' was already removed.
INFO:root:Starting processCamera...
WARNING:root:Shared Memory Block 'mainVideoFrames' does not exist.
INFO:root:Camera thread initialized successfully.
INFO:stream:PeerConnection(c1c8b4eb-000f-426a-9f93-f376ae48049d) Created for Angular
INFO:stream:PeerConnection(c1c8b4eb-000f-426a-9f93-f376ae48049d) Connection state is new
INFO:aioice.ice:Connection(0) Discovered peer reflexive candidate Candidate(1BO3NcShxe 1 udp 1845501695 192.168.66.188 54126 typ prflx)
INFO:aioice.ice:Connection(0) Check CandidatePair(('192.168.66.155', 35071) -> ('192.168.66.188', 54126)) State.WAITING -> State.IN_PROGRESS
INFO:aioice.ice:Connection(0) Check CandidatePair(('192.168.66.155', 35071) -> ('192.168.66.188', 54126)) State.IN_PROGRESS -> State.SUCCEEDED
INFO:aioice.ice:Connection(0) ICE completed
WARNING:root:Failed to start the Angular development server: Command 'cd /home/jetson/Documents/Brain/src/dashboard/frontend/dist/dashboard/browser && http-server -p 8090 -a 0.0.0.0 -c-1' died with <Signals.SIGINT: 2>.
WARNING:root:Shared Memory 'mainVideoFrames' was already removed.
WARNING:root:Shared Memory 'laneVideoFrames' was already removed.
INFO:root:Starting processCamera...
WARNING:root:Shared Memory Block 'mainVideoFrames' does not exist.
INFO:root:Camera thread initialized successfully.
WARNING:root:Shared Memory 'mainVideoFrames' was already removed.
WARNING:root:Shared Memory 'laneVideoFrames' was already removed.
INFO:root:Starting processCamera...
WARNING:root:Shared Memory Block 'mainVideoFrames' does not exist.
INFO:root:Camera thread initialized successfully.
WARNING:root:Shared Memory 'mainVideoFrames' was already removed.
WARNING:root:Shared Memory 'laneVideoFrames' was already removed.
INFO:root:Starting processCamera...
WARNING:root:Shared Memory Block 'mainVideoFrames' does not exist.
INFO:root:Camera thread initialized successfully.
WARNING:root:Shared Memory 'mainVideoFrames' was already removed.
WARNING:root:Shared Memory 'laneVideoFrames' was already removed.
INFO:root:Starting processCamera...
WARNING:root:Shared Memory Block 'mainVideoFrames' does not exist.
INFO:root:Camera thread initialized successfully.
WARNING:root:Failed to start the Angular development server: Command 'cd /home/jetson/Documents/Brain/src/dashboard/frontend/dist/dashboard/browser && http-server -p 8090 -a 0.0.0.0 -c-1' died with <Signals.SIGINT: 2>.
WARNING:root:Shared Memory 'mainVideoFrames' was already removed.
WARNING:root:Shared Memory 'laneVideoFrames' was already removed.
INFO:root:Starting processCamera...
WARNING:root:Shared Memory Block 'mainVideoFrames' does not exist.
INFO:root:Camera thread initialized successfully.
WARNING:root:Shared Memory 'mainVideoFrames' was already removed.
WARNING:root:Shared Memory 'laneVideoFrames' was already removed.
INFO:root:Starting processCamera...
WARNING:root:Shared Memory Block 'mainVideoFrames' does not exist.
INFO:root:Camera thread initialized successfully.
WARNING:root:Shared Memory 'mainVideoFrames' was already removed.
WARNING:root:Shared Memory 'laneVideoFrames' was already removed.
INFO:root:Starting processCamera...
WARNING:root:Shared Memory Block 'mainVideoFrames' does not exist.
INFO:root:Camera thread initialized successfully.
WARNING:root:Shared Memory 'mainVideoFrames' was already removed.
WARNING:root:Shared Memory 'laneVideoFrames' was already removed.
INFO:root:Starting processCamera...
WARNING:root:Shared Memory Block 'mainVideoFrames' does not exist.
INFO:root:Camera thread initialized successfully.
WARNING:root:Shared Memory 'mainVideoFrames' was already removed.
WARNING:root:Shared Memory 'laneVideoFrames' was already removed.
INFO:root:Starting processCamera...
WARNING:root:Shared Memory Block 'mainVideoFrames' does not exist.
INFO:root:Camera thread initialized successfully.
WARNING:root:Shared Memory 'mainVideoFrames' was already removed.
WARNING:root:Shared Memory 'laneVideoFrames' was already removed.
INFO:root:Starting processCamera...
WARNING:root:Shared Memory Block 'mainVideoFrames' does not exist.
INFO:root:Camera thread initialized successfully.
INFO:root:Starting processCamera...
WARNING:root:Shared Memory Block 'mainVideoFrames' does not exist.
INFO:root:Camera thread initialized successfully.
WARNING:root:Shared Memory 'mainVideoFrames' was already removed.
WARNING:root:Shared Memory 'laneVideoFrames' was already removed.
INFO:root:Starting processCamera...
WARNING:root:Shared Memory Block 'mainVideoFrames' does not exist.
INFO:root:Camera thread initialized successfully.
WARNING:root:Shared Memory 'mainVideoFrames' was already removed.
WARNING:root:Shared Memory 'laneVideoFrames' was already removed.
INFO:root:Starting processCamera...
WARNING:root:Shared Memory Block 'mainVideoFrames' does not exist.
INFO:root:Camera thread initialized successfully.
INFO:stream:PeerConnection(241c8165-7b8a-4fd0-b25b-1f58df1f96bf) Created for Angular
WARNING:root:Shared Memory 'mainVideoFrames' was already removed.
WARNING:root:Shared Memory 'laneVideoFrames' was already removed.
INFO:root:Starting processCamera...
WARNING:root:Shared Memory Block 'mainVideoFrames' does not exist.
INFO:root:Camera thread initialized successfully.
INFO:stream:PeerConnection(708a351b-ba03-4f43-9f5d-dd370b847dc2) Created for Angular
WARNING:root:Shared Memory 'mainVideoFrames' was already removed.
WARNING:root:Shared Memory 'laneVideoFrames' was already removed.
INFO:root:Starting processCamera...
WARNING:root:Shared Memory Block 'mainVideoFrames' does not exist.
INFO:root:Camera thread initialized successfully.
INFO:stream:PeerConnection(c361321a-05ab-47a4-b10f-55257eca09bd) Created for Angular
INFO:stream:PeerConnection(c361321a-05ab-47a4-b10f-55257eca09bd) Connection state is new
INFO:aioice.ice:Connection(0) Discovered peer reflexive candidate Candidate(0eZwWFCwy7 1 udp 1845501695 192.168.66.188 50527 typ prflx)
INFO:aioice.ice:Connection(0) Check CandidatePair(('192.168.66.155', 52046) -> ('192.168.66.188', 50527)) State.WAITING -> State.IN_PROGRESS
INFO:aioice.ice:Connection(0) Check CandidatePair(('192.168.66.155', 52046) -> ('192.168.66.188', 50527)) State.IN_PROGRESS -> State.SUCCEEDED
INFO:aioice.ice:Connection(0) ICE completed
WARNING:root:Failed to start the Angular development server: Command 'cd /home/jetson/Documents/Brain/src/dashboard/frontend/dist/dashboard/browser && http-server -p 8090 -a 0.0.0.0 -c-1' died with <Signals.SIGINT: 2>.
WARNING:root:Shared Memory 'mainVideoFrames' was already removed.
WARNING:root:Shared Memory 'laneVideoFrames' was already removed.
INFO:root:Starting processCamera...
WARNING:root:Shared Memory Block 'mainVideoFrames' does not exist.
INFO:root:Camera thread initialized successfully.
INFO:root:Starting processCamera...
WARNING:root:Shared Memory Block 'mainVideoFrames' does not exist.
INFO:root:Camera thread initialized successfully.
INFO:stream:PeerConnection(37aa302e-3bb4-4392-b22e-18b2190712ed) Created for Angular
INFO:stream:PeerConnection(37aa302e-3bb4-4392-b22e-18b2190712ed) Connection state is new
INFO:aioice.ice:Connection(0) Discovered peer reflexive candidate Candidate(MRONsyvisa 1 udp 1845501695 192.168.66.188 62878 typ prflx)
INFO:aioice.ice:Connection(0) Check CandidatePair(('192.168.66.155', 39567) -> ('192.168.66.188', 62878)) State.WAITING -> State.IN_PROGRESS
INFO:aioice.ice:Connection(0) Check CandidatePair(('192.168.66.155', 39567) -> ('192.168.66.188', 62878)) State.IN_PROGRESS -> State.SUCCEEDED
INFO:aioice.ice:Connection(0) ICE completed
WARNING:root:Shared Memory 'mainVideoFrames' was already removed.
WARNING:root:Shared Memory 'laneVideoFrames' was already removed.
